# JRE version: OpenJDK Runtime Environment Temurin-21.0.4+7 (21.0.4+7) (build 21.0.4+7-LTS)
# Java VM: OpenJDK 64-Bit Server VM Temurin-21.0.4+7 (21.0.4+7-LTS, mixed mode, sharing, tiered, compressed oops, compressed class ptrs, g1 gc, windows-amd64)
GC Precious Log:
 CardTable entry size: 512
 Card Set container configuration: InlinePtr #cards 5 size 8 Array Of Cards #cards 12 size 40 Howl #buckets 4 coarsen threshold 1843 Howl Bitmap #cards 512 size 80 coarsen threshold 460 Card regions per heap region 1 cards per card region 2048
 CPUs: 8 total, 8 available
 Memory: 8067M
 Large Page Support: Disabled
 NUMA Support: Disabled
 Compressed Oops: Enabled (32-bit)
 Heap Region Size: 1M
 Heap Min Capacity: 8M
 Heap Initial Capacity: 128M
 Heap Max Capacity: 2018M
 Pre-touch: Disabled
 Parallel Workers: 8
 Concurrent Workers: 2
 Concurrent Refinement Workers: 8
 Periodic GC: Disabled
Heap:
 garbage-first heap   total 91136K, used 61705K [0x0000000081e00000, 0x0000000100000000)
  region size 1024K, 11 young (11264K), 4 survivors (4096K)
 Metaspace       used 89336K, committed 90304K, reserved 1179648K
  class space    used 11704K, committed 12160K, reserved 1048576K
GC Heap History (20 events):
Event: 196.502 GC heap before
{Heap before GC invocations=33 (full 1):
 garbage-first heap   total 70656K, used 58274K [0x0000000081e00000, 0x0000000100000000)
  region size 1024K, 24 young (24576K), 3 survivors (3072K)
 Metaspace       used 85995K, committed 87040K, reserved 1179648K
  class space    used 11484K, committed 11968K, reserved 1048576K
}
Event: 196.509 GC heap after
{Heap after GC invocations=34 (full 1):
 garbage-first heap   total 70656K, used 39924K [0x0000000081e00000, 0x0000000100000000)
  region size 1024K, 2 young (2048K), 2 survivors (2048K)
 Metaspace       used 85995K, committed 87040K, reserved 1179648K
  class space    used 11484K, committed 11968K, reserved 1048576K
}
Event: 197.759 GC heap before
{Heap before GC invocations=35 (full 1):
 garbage-first heap   total 71680K, used 61428K [0x0000000081e00000, 0x0000000100000000)
  region size 1024K, 23 young (23552K), 2 survivors (2048K)
 Metaspace       used 86499K, committed 87424K, reserved 1179648K
  class space    used 11509K, committed 11968K, reserved 1048576K
}
Event: 197.766 GC heap after
{Heap after GC invocations=36 (full 1):
 garbage-first heap   total 71680K, used 41606K [0x0000000081e00000, 0x0000000100000000)
  region size 1024K, 2 young (2048K), 2 survivors (2048K)
 Metaspace       used 86499K, committed 87424K, reserved 1179648K
  class space    used 11509K, committed 11968K, reserved 1048576K
}
Event: 198.498 GC heap before
{Heap before GC invocations=36 (full 1):
 garbage-first heap   total 71680K, used 62086K [0x0000000081e00000, 0x0000000100000000)
  region size 1024K, 22 young (22528K), 2 survivors (2048K)
 Metaspace       used 86883K, committed 87808K, reserved 1179648K
  class space    used 11533K, committed 11968K, reserved 1048576K
}
Event: 198.505 GC heap after
{Heap after GC invocations=37 (full 1):
 garbage-first heap   total 71680K, used 43590K [0x0000000081e00000, 0x0000000100000000)
  region size 1024K, 2 young (2048K), 2 survivors (2048K)
 Metaspace       used 86883K, committed 87808K, reserved 1179648K
  class space    used 11533K, committed 11968K, reserved 1048576K
}
Event: 210.691 GC heap before
{Heap before GC invocations=37 (full 1):
 garbage-first heap   total 71680K, used 63046K [0x0000000081e00000, 0x0000000100000000)
  region size 1024K, 21 young (21504K), 2 survivors (2048K)
 Metaspace       used 87446K, committed 88448K, reserved 1179648K
  class space    used 11585K, committed 12032K, reserved 1048576K
}
Event: 210.699 GC heap after
{Heap after GC invocations=38 (full 1):
 garbage-first heap   total 71680K, used 44723K [0x0000000081e00000, 0x0000000100000000)
  region size 1024K, 2 young (2048K), 2 survivors (2048K)
 Metaspace       used 87446K, committed 88448K, reserved 1179648K
  class space    used 11585K, committed 12032K, reserved 1048576K
}
Event: 212.455 GC heap before
{Heap before GC invocations=39 (full 1):
 garbage-first heap   total 78848K, used 61107K [0x0000000081e00000, 0x0000000100000000)
  region size 1024K, 19 young (19456K), 2 survivors (2048K)
 Metaspace       used 87560K, committed 88512K, reserved 1179648K
  class space    used 11594K, committed 12032K, reserved 1048576K
}
Event: 212.461 GC heap after
{Heap after GC invocations=40 (full 1):
 garbage-first heap   total 78848K, used 47293K [0x0000000081e00000, 0x0000000100000000)
  region size 1024K, 3 young (3072K), 3 survivors (3072K)
 Metaspace       used 87560K, committed 88512K, reserved 1179648K
  class space    used 11594K, committed 12032K, reserved 1048576K
}
Event: 213.691 GC heap before
{Heap before GC invocations=40 (full 1):
 garbage-first heap   total 78848K, used 67773K [0x0000000081e00000, 0x0000000100000000)
  region size 1024K, 23 young (23552K), 3 survivors (3072K)
 Metaspace       used 87837K, committed 88832K, reserved 1179648K
  class space    used 11614K, committed 12096K, reserved 1048576K
}
Event: 213.699 GC heap after
{Heap after GC invocations=41 (full 1):
 garbage-first heap   total 78848K, used 48668K [0x0000000081e00000, 0x0000000100000000)
  region size 1024K, 2 young (2048K), 2 survivors (2048K)
 Metaspace       used 87837K, committed 88832K, reserved 1179648K
  class space    used 11614K, committed 12096K, reserved 1048576K
}
Event: 214.908 GC heap before
{Heap before GC invocations=41 (full 1):
 garbage-first heap   total 78848K, used 70172K [0x0000000081e00000, 0x0000000100000000)
  region size 1024K, 24 young (24576K), 2 survivors (2048K)
 Metaspace       used 88041K, committed 89024K, reserved 1179648K
  class space    used 11621K, committed 12096K, reserved 1048576K
}
Event: 214.915 GC heap after
{Heap after GC invocations=42 (full 1):
 garbage-first heap   total 78848K, used 51068K [0x0000000081e00000, 0x0000000100000000)
  region size 1024K, 3 young (3072K), 3 survivors (3072K)
 Metaspace       used 88041K, committed 89024K, reserved 1179648K
  class space    used 11621K, committed 12096K, reserved 1048576K
}
Event: 215.624 GC heap before
{Heap before GC invocations=43 (full 1):
 garbage-first heap   total 87040K, used 69500K [0x0000000081e00000, 0x0000000100000000)
  region size 1024K, 21 young (21504K), 3 survivors (3072K)
 Metaspace       used 88269K, committed 89216K, reserved 1179648K
  class space    used 11638K, committed 12096K, reserved 1048576K
}
Event: 215.630 GC heap after
{Heap after GC invocations=44 (full 1):
 garbage-first heap   total 87040K, used 52003K [0x0000000081e00000, 0x0000000100000000)
  region size 1024K, 1 young (1024K), 1 survivors (1024K)
 Metaspace       used 88269K, committed 89216K, reserved 1179648K
  class space    used 11638K, committed 12096K, reserved 1048576K
}
Event: 216.953 GC heap before
{Heap before GC invocations=44 (full 1):
 garbage-first heap   total 87040K, used 78627K [0x0000000081e00000, 0x0000000100000000)
  region size 1024K, 27 young (27648K), 1 survivors (1024K)
 Metaspace       used 88865K, committed 89856K, reserved 1179648K
  class space    used 11675K, committed 12160K, reserved 1048576K
}
Event: 216.962 GC heap after
{Heap after GC invocations=45 (full 1):
 garbage-first heap   total 87040K, used 51742K [0x0000000081e00000, 0x0000000100000000)
  region size 1024K, 4 young (4096K), 4 survivors (4096K)
 Metaspace       used 88865K, committed 89856K, reserved 1179648K
  class space    used 11675K, committed 12160K, reserved 1048576K
}
Event: 220.550 GC heap before
{Heap before GC invocations=45 (full 1):
 garbage-first heap   total 87040K, used 76318K [0x0000000081e00000, 0x0000000100000000)
  region size 1024K, 28 young (28672K), 4 survivors (4096K)
 Metaspace       used 89210K, committed 90176K, reserved 1179648K
  class space    used 11691K, committed 12160K, reserved 1048576K
}
Event: 220.559 GC heap after
{Heap after GC invocations=46 (full 1):
 garbage-first heap   total 87040K, used 53354K [0x0000000081e00000, 0x0000000100000000)
  region size 1024K, 2 young (2048K), 2 survivors (2048K)
 Metaspace       used 89210K, committed 90176K, reserved 1179648K
  class space    used 11691K, committed 12160K, reserved 1048576K
}

