# JRE version: OpenJDK Runtime Environment Temurin-21.0.8+9 (21.0.8+9) (build 21.0.8+9-LTS)
# Java VM: OpenJDK 64-Bit Server VM Temurin-21.0.8+9 (21.0.8+9-LTS, mixed mode, sharing, tiered, compressed oops, compressed class ptrs, parallel gc, windows-amd64)
GC Precious Log:
 CardTable entry size: 512
 CPUs: 8 total, 8 available
 Memory: 8067M
 Large Page Support: Disabled
 NUMA Support: Disabled
 Compressed Oops: Enabled (32-bit)
 Alignments: Space 512K, Generation 512K, Heap 2M
 Heap Min Capacity: 100M
 Heap Initial Capacity: 100M
 Heap Max Capacity: 2G
 Pre-touch: Disabled
 Parallel Workers: 8
Heap:
 PSYoungGen      total 10752K, used 7263K [0x00000000d5580000, 0x00000000d6100000, 0x0000000100000000)
  eden space 9728K, 68% used [0x00000000d5580000,0x00000000d5c04420,0x00000000d5f00000)
  from space 1024K, 57% used [0x00000000d5f00000,0x00000000d5f938b0,0x00000000d6000000)
  to   space 1024K, 0% used [0x00000000d6000000,0x00000000d6000000,0x00000000d6100000)
 ParOldGen       total 803840K, used 803681K [0x0000000080000000, 0x00000000b1100000, 0x00000000d5580000)
  object space 803840K, 99% used [0x0000000080000000,0x00000000b10d8650,0x00000000b1100000)
 Metaspace       used 67412K, committed 69056K, reserved 1114112K
  class space    used 7001K, committed 7808K, reserved 1048576K
GC Heap History (20 events):
Event: 77.263 GC heap before
{Heap before GC invocations=1349 (full 4):
 PSYoungGen      total 10240K, used 10227K [0x00000000d5580000, 0x00000000d6100000, 0x0000000100000000)
  eden space 9728K, 100% used [0x00000000d5580000,0x00000000d5f00000,0x00000000d5f00000)
  from space 512K, 97% used [0x00000000d5f80000,0x00000000d5ffce88,0x00000000d6000000)
  to   space 1024K, 0% used [0x00000000d6000000,0x00000000d6000000,0x00000000d6100000)
 ParOldGen       total 799232K, used 798867K [0x0000000080000000, 0x00000000b0c80000, 0x00000000d5580000)
  object space 799232K, 99% used [0x0000000080000000,0x00000000b0c24e60,0x00000000b0c80000)
 Metaspace       used 67399K, committed 69056K, reserved 1114112K
  class space    used 7000K, committed 7808K, reserved 1048576K
}
Event: 77.269 GC heap after
{Heap after GC invocations=1349 (full 4):
 PSYoungGen      total 10240K, used 389K [0x00000000d5580000, 0x00000000d6080000, 0x0000000100000000)
  eden space 9728K, 0% used [0x00000000d5580000,0x00000000d5580000,0x00000000d5f00000)
  from space 512K, 76% used [0x00000000d6000000,0x00000000d60616d0,0x00000000d6080000)
  to   space 512K, 0% used [0x00000000d5f80000,0x00000000d5f80000,0x00000000d6000000)
 ParOldGen       total 799232K, used 799201K [0x0000000080000000, 0x00000000b0c80000, 0x00000000d5580000)
  object space 799232K, 99% used [0x0000000080000000,0x00000000b0c78520,0x00000000b0c80000)
 Metaspace       used 67399K, committed 69056K, reserved 1114112K
  class space    used 7000K, committed 7808K, reserved 1048576K
}
Event: 77.303 GC heap before
{Heap before GC invocations=1350 (full 4):
 PSYoungGen      total 10240K, used 10117K [0x00000000d5580000, 0x00000000d6080000, 0x0000000100000000)
  eden space 9728K, 100% used [0x00000000d5580000,0x00000000d5f00000,0x00000000d5f00000)
  from space 512K, 76% used [0x00000000d6000000,0x00000000d60616d0,0x00000000d6080000)
  to   space 512K, 0% used [0x00000000d5f80000,0x00000000d5f80000,0x00000000d6000000)
 ParOldGen       total 799232K, used 799201K [0x0000000080000000, 0x00000000b0c80000, 0x00000000d5580000)
  object space 799232K, 99% used [0x0000000080000000,0x00000000b0c78520,0x00000000b0c80000)
 Metaspace       used 67400K, committed 69056K, reserved 1114112K
  class space    used 7000K, committed 7808K, reserved 1048576K
}
Event: 77.308 GC heap after
{Heap after GC invocations=1350 (full 4):
 PSYoungGen      total 10240K, used 496K [0x00000000d5580000, 0x00000000d6100000, 0x0000000100000000)
  eden space 9728K, 0% used [0x00000000d5580000,0x00000000d5580000,0x00000000d5f00000)
  from space 512K, 96% used [0x00000000d5f80000,0x00000000d5ffc1b8,0x00000000d6000000)
  to   space 1024K, 0% used [0x00000000d6000000,0x00000000d6000000,0x00000000d6100000)
 ParOldGen       total 799744K, used 799437K [0x0000000080000000, 0x00000000b0d00000, 0x00000000d5580000)
  object space 799744K, 99% used [0x0000000080000000,0x00000000b0cb37a8,0x00000000b0d00000)
 Metaspace       used 67400K, committed 69056K, reserved 1114112K
  class space    used 7000K, committed 7808K, reserved 1048576K
}
Event: 78.349 GC heap before
{Heap before GC invocations=1351 (full 4):
 PSYoungGen      total 10240K, used 10224K [0x00000000d5580000, 0x00000000d6100000, 0x0000000100000000)
  eden space 9728K, 100% used [0x00000000d5580000,0x00000000d5f00000,0x00000000d5f00000)
  from space 512K, 96% used [0x00000000d5f80000,0x00000000d5ffc1b8,0x00000000d6000000)
  to   space 1024K, 0% used [0x00000000d6000000,0x00000000d6000000,0x00000000d6100000)
 ParOldGen       total 800256K, used 799745K [0x0000000080000000, 0x00000000b0d80000, 0x00000000d5580000)
  object space 800256K, 99% used [0x0000000080000000,0x00000000b0d00788,0x00000000b0d80000)
 Metaspace       used 67400K, committed 69056K, reserved 1114112K
  class space    used 7000K, committed 7808K, reserved 1048576K
}
Event: 78.359 GC heap after
{Heap after GC invocations=1351 (full 4):
 PSYoungGen      total 10752K, used 618K [0x00000000d5580000, 0x00000000d6100000, 0x0000000100000000)
  eden space 9728K, 0% used [0x00000000d5580000,0x00000000d5580000,0x00000000d5f00000)
  from space 1024K, 60% used [0x00000000d6000000,0x00000000d609a9a0,0x00000000d6100000)
  to   space 1024K, 0% used [0x00000000d5f00000,0x00000000d5f00000,0x00000000d6000000)
 ParOldGen       total 800256K, used 800050K [0x0000000080000000, 0x00000000b0d80000, 0x00000000d5580000)
  object space 800256K, 99% used [0x0000000080000000,0x00000000b0d4ca68,0x00000000b0d80000)
 Metaspace       used 67400K, committed 69056K, reserved 1114112K
  class space    used 7000K, committed 7808K, reserved 1048576K
}
Event: 78.402 GC heap before
{Heap before GC invocations=1352 (full 4):
 PSYoungGen      total 10752K, used 10346K [0x00000000d5580000, 0x00000000d6100000, 0x0000000100000000)
  eden space 9728K, 100% used [0x00000000d5580000,0x00000000d5f00000,0x00000000d5f00000)
  from space 1024K, 60% used [0x00000000d6000000,0x00000000d609a9a0,0x00000000d6100000)
  to   space 1024K, 0% used [0x00000000d5f00000,0x00000000d5f00000,0x00000000d6000000)
 ParOldGen       total 800256K, used 800050K [0x0000000080000000, 0x00000000b0d80000, 0x00000000d5580000)
  object space 800256K, 99% used [0x0000000080000000,0x00000000b0d4ca68,0x00000000b0d80000)
 Metaspace       used 67400K, committed 69056K, reserved 1114112K
  class space    used 7000K, committed 7808K, reserved 1048576K
}
Event: 78.411 GC heap after
{Heap after GC invocations=1352 (full 4):
 PSYoungGen      total 10752K, used 384K [0x00000000d5580000, 0x00000000d6080000, 0x0000000100000000)
  eden space 9728K, 0% used [0x00000000d5580000,0x00000000d5580000,0x00000000d5f00000)
  from space 1024K, 37% used [0x00000000d5f00000,0x00000000d5f60000,0x00000000d6000000)
  to   space 512K, 0% used [0x00000000d6000000,0x00000000d6000000,0x00000000d6080000)
 ParOldGen       total 800768K, used 800439K [0x0000000080000000, 0x00000000b0e00000, 0x00000000d5580000)
  object space 800768K, 99% used [0x0000000080000000,0x00000000b0dadf78,0x00000000b0e00000)
 Metaspace       used 67400K, committed 69056K, reserved 1114112K
  class space    used 7000K, committed 7808K, reserved 1048576K
}
Event: 78.437 GC heap before
{Heap before GC invocations=1353 (full 4):
 PSYoungGen      total 10752K, used 9532K [0x00000000d5580000, 0x00000000d6080000, 0x0000000100000000)
  eden space 9728K, 94% used [0x00000000d5580000,0x00000000d5e6f228,0x00000000d5f00000)
  from space 1024K, 37% used [0x00000000d5f00000,0x00000000d5f60000,0x00000000d6000000)
  to   space 512K, 0% used [0x00000000d6000000,0x00000000d6000000,0x00000000d6080000)
 ParOldGen       total 800768K, used 800439K [0x0000000080000000, 0x00000000b0e00000, 0x00000000d5580000)
  object space 800768K, 99% used [0x0000000080000000,0x00000000b0dadf78,0x00000000b0e00000)
 Metaspace       used 67400K, committed 69056K, reserved 1114112K
  class space    used 7000K, committed 7808K, reserved 1048576K
}
Event: 78.447 GC heap after
{Heap after GC invocations=1353 (full 4):
 PSYoungGen      total 10240K, used 384K [0x00000000d5580000, 0x00000000d6080000, 0x0000000100000000)
  eden space 9728K, 0% used [0x00000000d5580000,0x00000000d5580000,0x00000000d5f00000)
  from space 512K, 75% used [0x00000000d6000000,0x00000000d6060000,0x00000000d6080000)
  to   space 512K, 0% used [0x00000000d5f80000,0x00000000d5f80000,0x00000000d6000000)
 ParOldGen       total 800768K, used 800727K [0x0000000080000000, 0x00000000b0e00000, 0x00000000d5580000)
  object space 800768K, 99% used [0x0000000080000000,0x00000000b0df5f78,0x00000000b0e00000)
 Metaspace       used 67400K, committed 69056K, reserved 1114112K
  class space    used 7000K, committed 7808K, reserved 1048576K
}
Event: 81.463 GC heap before
{Heap before GC invocations=1354 (full 4):
 PSYoungGen      total 10240K, used 10112K [0x00000000d5580000, 0x00000000d6080000, 0x0000000100000000)
  eden space 9728K, 100% used [0x00000000d5580000,0x00000000d5f00000,0x00000000d5f00000)
  from space 512K, 75% used [0x00000000d6000000,0x00000000d6060000,0x00000000d6080000)
  to   space 512K, 0% used [0x00000000d5f80000,0x00000000d5f80000,0x00000000d6000000)
 ParOldGen       total 800768K, used 800727K [0x0000000080000000, 0x00000000b0e00000, 0x00000000d5580000)
  object space 800768K, 99% used [0x0000000080000000,0x00000000b0df5f78,0x00000000b0e00000)
 Metaspace       used 67403K, committed 69056K, reserved 1114112K
  class space    used 7001K, committed 7808K, reserved 1048576K
}
Event: 81.470 GC heap after
{Heap after GC invocations=1354 (full 4):
 PSYoungGen      total 10240K, used 496K [0x00000000d5580000, 0x00000000d6300000, 0x0000000100000000)
  eden space 9728K, 0% used [0x00000000d5580000,0x00000000d5580000,0x00000000d5f00000)
  from space 512K, 96% used [0x00000000d5f80000,0x00000000d5ffc240,0x00000000d6000000)
  to   space 2048K, 0% used [0x00000000d6100000,0x00000000d6100000,0x00000000d6300000)
 ParOldGen       total 802304K, used 801932K [0x0000000080000000, 0x00000000b0f80000, 0x00000000d5580000)
  object space 802304K, 99% used [0x0000000080000000,0x00000000b0f23178,0x00000000b0f80000)
 Metaspace       used 67403K, committed 69056K, reserved 1114112K
  class space    used 7001K, committed 7808K, reserved 1048576K
}
Event: 81.511 GC heap before
{Heap before GC invocations=1355 (full 4):
 PSYoungGen      total 10240K, used 10224K [0x00000000d5580000, 0x00000000d6300000, 0x0000000100000000)
  eden space 9728K, 100% used [0x00000000d5580000,0x00000000d5f00000,0x00000000d5f00000)
  from space 512K, 96% used [0x00000000d5f80000,0x00000000d5ffc240,0x00000000d6000000)
  to   space 2048K, 0% used [0x00000000d6100000,0x00000000d6100000,0x00000000d6300000)
 ParOldGen       total 802304K, used 801932K [0x0000000080000000, 0x00000000b0f80000, 0x00000000d5580000)
  object space 802304K, 99% used [0x0000000080000000,0x00000000b0f23178,0x00000000b0f80000)
 Metaspace       used 67403K, committed 69056K, reserved 1114112K
  class space    used 7001K, committed 7808K, reserved 1048576K
}
Event: 81.517 GC heap after
{Heap after GC invocations=1355 (full 4):
 PSYoungGen      total 10240K, used 352K [0x00000000d5580000, 0x00000000d6180000, 0x0000000100000000)
  eden space 9728K, 0% used [0x00000000d5580000,0x00000000d5580000,0x00000000d5f00000)
  from space 512K, 68% used [0x00000000d6100000,0x00000000d6158000,0x00000000d6180000)
  to   space 1024K, 0% used [0x00000000d5f80000,0x00000000d5f80000,0x00000000d6080000)
 ParOldGen       total 802816K, used 802361K [0x0000000080000000, 0x00000000b1000000, 0x00000000d5580000)
  object space 802816K, 99% used [0x0000000080000000,0x00000000b0f8e4e8,0x00000000b1000000)
 Metaspace       used 67403K, committed 69056K, reserved 1114112K
  class space    used 7001K, committed 7808K, reserved 1048576K
}
Event: 81.540 GC heap before
{Heap before GC invocations=1356 (full 4):
 PSYoungGen      total 10240K, used 10080K [0x00000000d5580000, 0x00000000d6180000, 0x0000000100000000)
  eden space 9728K, 100% used [0x00000000d5580000,0x00000000d5f00000,0x00000000d5f00000)
  from space 512K, 68% used [0x00000000d6100000,0x00000000d6158000,0x00000000d6180000)
  to   space 1024K, 0% used [0x00000000d5f80000,0x00000000d5f80000,0x00000000d6080000)
 ParOldGen       total 802816K, used 802361K [0x0000000080000000, 0x00000000b1000000, 0x00000000d5580000)
  object space 802816K, 99% used [0x0000000080000000,0x00000000b0f8e4e8,0x00000000b1000000)
 Metaspace       used 67408K, committed 69056K, reserved 1114112K
  class space    used 7001K, committed 7808K, reserved 1048576K
}
Event: 81.545 GC heap after
{Heap after GC invocations=1356 (full 4):
 PSYoungGen      total 10752K, used 608K [0x00000000d5580000, 0x00000000d6180000, 0x0000000100000000)
  eden space 9728K, 0% used [0x00000000d5580000,0x00000000d5580000,0x00000000d5f00000)
  from space 1024K, 59% used [0x00000000d5f80000,0x00000000d6018000,0x00000000d6080000)
  to   space 1024K, 0% used [0x00000000d6080000,0x00000000d6080000,0x00000000d6180000)
 ParOldGen       total 802816K, used 802521K [0x0000000080000000, 0x00000000b1000000, 0x00000000d5580000)
  object space 802816K, 99% used [0x0000000080000000,0x00000000b0fb64e8,0x00000000b1000000)
 Metaspace       used 67408K, committed 69056K, reserved 1114112K
  class space    used 7001K, committed 7808K, reserved 1048576K
}
Event: 81.597 GC heap before
{Heap before GC invocations=1357 (full 4):
 PSYoungGen      total 10752K, used 10336K [0x00000000d5580000, 0x00000000d6180000, 0x0000000100000000)
  eden space 9728K, 100% used [0x00000000d5580000,0x00000000d5f00000,0x00000000d5f00000)
  from space 1024K, 59% used [0x00000000d5f80000,0x00000000d6018000,0x00000000d6080000)
  to   space 1024K, 0% used [0x00000000d6080000,0x00000000d6080000,0x00000000d6180000)
 ParOldGen       total 802816K, used 802521K [0x0000000080000000, 0x00000000b1000000, 0x00000000d5580000)
  object space 802816K, 99% used [0x0000000080000000,0x00000000b0fb64e8,0x00000000b1000000)
 Metaspace       used 67408K, committed 69056K, reserved 1114112K
  class space    used 7001K, committed 7808K, reserved 1048576K
}
Event: 81.602 GC heap after
{Heap after GC invocations=1357 (full 4):
 PSYoungGen      total 10240K, used 397K [0x00000000d5580000, 0x00000000d6100000, 0x0000000100000000)
  eden space 9728K, 0% used [0x00000000d5580000,0x00000000d5580000,0x00000000d5f00000)
  from space 512K, 77% used [0x00000000d6080000,0x00000000d60e34c8,0x00000000d6100000)
  to   space 512K, 0% used [0x00000000d6000000,0x00000000d6000000,0x00000000d6080000)
 ParOldGen       total 802816K, used 802721K [0x0000000080000000, 0x00000000b1000000, 0x00000000d5580000)
  object space 802816K, 99% used [0x0000000080000000,0x00000000b0fe84e8,0x00000000b1000000)
 Metaspace       used 67408K, committed 69056K, reserved 1114112K
  class space    used 7001K, committed 7808K, reserved 1048576K
}
Event: 81.666 GC heap before
{Heap before GC invocations=1358 (full 4):
 PSYoungGen      total 10240K, used 10125K [0x00000000d5580000, 0x00000000d6100000, 0x0000000100000000)
  eden space 9728K, 100% used [0x00000000d5580000,0x00000000d5f00000,0x00000000d5f00000)
  from space 512K, 77% used [0x00000000d6080000,0x00000000d60e34c8,0x00000000d6100000)
  to   space 512K, 0% used [0x00000000d6000000,0x00000000d6000000,0x00000000d6080000)
 ParOldGen       total 802816K, used 802721K [0x0000000080000000, 0x00000000b1000000, 0x00000000d5580000)
  object space 802816K, 99% used [0x0000000080000000,0x00000000b0fe84e8,0x00000000b1000000)
 Metaspace       used 67408K, committed 69056K, reserved 1114112K
  class space    used 7001K, committed 7808K, reserved 1048576K
}
Event: 81.671 GC heap after
{Heap after GC invocations=1358 (full 4):
 PSYoungGen      total 10240K, used 482K [0x00000000d5580000, 0x00000000d6100000, 0x0000000100000000)
  eden space 9728K, 0% used [0x00000000d5580000,0x00000000d5580000,0x00000000d5f00000)
  from space 512K, 94% used [0x00000000d6000000,0x00000000d6078b20,0x00000000d6080000)
  to   space 512K, 0% used [0x00000000d6080000,0x00000000d6080000,0x00000000d6100000)
 ParOldGen       total 803328K, used 802978K [0x0000000080000000, 0x00000000b1080000, 0x00000000d5580000)
  object space 803328K, 99% used [0x0000000080000000,0x00000000b1028998,0x00000000b1080000)
 Metaspace       used 67408K, committed 69056K, reserved 1114112K
  class space    used 7001K, committed 7808K, reserved 1048576K
}

