# JRE version: OpenJDK Runtime Environment Temurin-21.0.8+9 (21.0.8+9) (build 21.0.8+9-LTS)
# Java VM: OpenJDK 64-Bit Server VM Temurin-21.0.8+9 (21.0.8+9-LTS, mixed mode, sharing, tiered, compressed oops, compressed class ptrs, parallel gc, windows-amd64)
GC Precious Log:
 CardTable entry size: 512
 CPUs: 8 total, 8 available
 Memory: 8067M
 Large Page Support: Disabled
 NUMA Support: Disabled
 Compressed Oops: Enabled (32-bit)
 Alignments: Space 512K, Generation 512K, Heap 2M
 Heap Min Capacity: 100M
 Heap Initial Capacity: 100M
 Heap Max Capacity: 2G
 Pre-touch: Disabled
 Parallel Workers: 8
Heap:
 PSYoungGen      total 6144K, used 1030K [0x00000000d5580000, 0x00000000d5c80000, 0x0000000100000000)
  eden space 5632K, 12% used [0x00000000d5580000,0x00000000d5631b80,0x00000000d5b00000)
  from space 512K, 62% used [0x00000000d5b80000,0x00000000d5bd0000,0x00000000d5c00000)
  to   space 512K, 0% used [0x00000000d5c00000,0x00000000d5c00000,0x00000000d5c80000)
 ParOldGen       total 932864K, used 301863K [0x0000000080000000, 0x00000000b8f00000, 0x00000000d5580000)
  object space 932864K, 32% used [0x0000000080000000,0x00000000926c9e00,0x00000000b8f00000)
 Metaspace       used 78654K, committed 80448K, reserved 1179648K
  class space    used 7973K, committed 8768K, reserved 1048576K
GC Heap History (20 events):
Event: 1053.076 GC heap before
{Heap before GC invocations=1340 (full 4):
 PSYoungGen      total 6656K, used 6480K [0x00000000d5580000, 0x00000000d5d00000, 0x0000000100000000)
  eden space 5632K, 100% used [0x00000000d5580000,0x00000000d5b00000,0x00000000d5b00000)
  from space 1024K, 82% used [0x00000000d5b00000,0x00000000d5bd41d8,0x00000000d5c00000)
  to   space 1024K, 0% used [0x00000000d5c00000,0x00000000d5c00000,0x00000000d5d00000)
 ParOldGen       total 932864K, used 300117K [0x0000000080000000, 0x00000000b8f00000, 0x00000000d5580000)
  object space 932864K, 32% used [0x0000000080000000,0x00000000925157a0,0x00000000b8f00000)
 Metaspace       used 75253K, committed 76992K, reserved 1179648K
  class space    used 7507K, committed 8320K, reserved 1048576K
}
Event: 1053.078 GC heap after
{Heap after GC invocations=1340 (full 4):
 PSYoungGen      total 6656K, used 852K [0x00000000d5580000, 0x00000000d5d00000, 0x0000000100000000)
  eden space 5632K, 0% used [0x00000000d5580000,0x00000000d5580000,0x00000000d5b00000)
  from space 1024K, 83% used [0x00000000d5c00000,0x00000000d5cd5230,0x00000000d5d00000)
  to   space 1024K, 0% used [0x00000000d5b00000,0x00000000d5b00000,0x00000000d5c00000)
 ParOldGen       total 932864K, used 300637K [0x0000000080000000, 0x00000000b8f00000, 0x00000000d5580000)
  object space 932864K, 32% used [0x0000000080000000,0x00000000925977c0,0x00000000b8f00000)
 Metaspace       used 75253K, committed 76992K, reserved 1179648K
  class space    used 7507K, committed 8320K, reserved 1048576K
}
Event: 1053.382 GC heap before
{Heap before GC invocations=1341 (full 4):
 PSYoungGen      total 6656K, used 6484K [0x00000000d5580000, 0x00000000d5d00000, 0x0000000100000000)
  eden space 5632K, 100% used [0x00000000d5580000,0x00000000d5b00000,0x00000000d5b00000)
  from space 1024K, 83% used [0x00000000d5c00000,0x00000000d5cd5230,0x00000000d5d00000)
  to   space 1024K, 0% used [0x00000000d5b00000,0x00000000d5b00000,0x00000000d5c00000)
 ParOldGen       total 932864K, used 300637K [0x0000000080000000, 0x00000000b8f00000, 0x00000000d5580000)
  object space 932864K, 32% used [0x0000000080000000,0x00000000925977c0,0x00000000b8f00000)
 Metaspace       used 75289K, committed 76992K, reserved 1179648K
  class space    used 7513K, committed 8320K, reserved 1048576K
}
Event: 1053.384 GC heap after
{Heap after GC invocations=1341 (full 4):
 PSYoungGen      total 6656K, used 756K [0x00000000d5580000, 0x00000000d5d00000, 0x0000000100000000)
  eden space 5632K, 0% used [0x00000000d5580000,0x00000000d5580000,0x00000000d5b00000)
  from space 1024K, 73% used [0x00000000d5b00000,0x00000000d5bbd200,0x00000000d5c00000)
  to   space 1024K, 0% used [0x00000000d5c00000,0x00000000d5c00000,0x00000000d5d00000)
 ParOldGen       total 932864K, used 300869K [0x0000000080000000, 0x00000000b8f00000, 0x00000000d5580000)
  object space 932864K, 32% used [0x0000000080000000,0x00000000925d17f0,0x00000000b8f00000)
 Metaspace       used 75289K, committed 76992K, reserved 1179648K
  class space    used 7513K, committed 8320K, reserved 1048576K
}
Event: 1054.507 GC heap before
{Heap before GC invocations=1342 (full 4):
 PSYoungGen      total 6656K, used 6388K [0x00000000d5580000, 0x00000000d5d00000, 0x0000000100000000)
  eden space 5632K, 100% used [0x00000000d5580000,0x00000000d5b00000,0x00000000d5b00000)
  from space 1024K, 73% used [0x00000000d5b00000,0x00000000d5bbd200,0x00000000d5c00000)
  to   space 1024K, 0% used [0x00000000d5c00000,0x00000000d5c00000,0x00000000d5d00000)
 ParOldGen       total 932864K, used 300869K [0x0000000080000000, 0x00000000b8f00000, 0x00000000d5580000)
  object space 932864K, 32% used [0x0000000080000000,0x00000000925d17f0,0x00000000b8f00000)
 Metaspace       used 75320K, committed 77056K, reserved 1179648K
  class space    used 7520K, committed 8320K, reserved 1048576K
}
Event: 1054.508 GC heap after
{Heap after GC invocations=1342 (full 4):
 PSYoungGen      total 6144K, used 224K [0x00000000d5580000, 0x00000000d5c80000, 0x0000000100000000)
  eden space 5632K, 0% used [0x00000000d5580000,0x00000000d5580000,0x00000000d5b00000)
  from space 512K, 43% used [0x00000000d5c00000,0x00000000d5c38000,0x00000000d5c80000)
  to   space 512K, 0% used [0x00000000d5b80000,0x00000000d5b80000,0x00000000d5c00000)
 ParOldGen       total 932864K, used 300933K [0x0000000080000000, 0x00000000b8f00000, 0x00000000d5580000)
  object space 932864K, 32% used [0x0000000080000000,0x00000000925e17f0,0x00000000b8f00000)
 Metaspace       used 75320K, committed 77056K, reserved 1179648K
  class space    used 7520K, committed 8320K, reserved 1048576K
}
Event: 1054.627 GC heap before
{Heap before GC invocations=1343 (full 4):
 PSYoungGen      total 6144K, used 5841K [0x00000000d5580000, 0x00000000d5c80000, 0x0000000100000000)
  eden space 5632K, 99% used [0x00000000d5580000,0x00000000d5afc700,0x00000000d5b00000)
  from space 512K, 43% used [0x00000000d5c00000,0x00000000d5c38000,0x00000000d5c80000)
  to   space 512K, 0% used [0x00000000d5b80000,0x00000000d5b80000,0x00000000d5c00000)
 ParOldGen       total 932864K, used 300933K [0x0000000080000000, 0x00000000b8f00000, 0x00000000d5580000)
  object space 932864K, 32% used [0x0000000080000000,0x00000000925e17f0,0x00000000b8f00000)
 Metaspace       used 75432K, committed 77184K, reserved 1179648K
  class space    used 7538K, committed 8384K, reserved 1048576K
}
Event: 1054.628 GC heap after
{Heap after GC invocations=1343 (full 4):
 PSYoungGen      total 6144K, used 384K [0x00000000d5580000, 0x00000000d5c80000, 0x0000000100000000)
  eden space 5632K, 0% used [0x00000000d5580000,0x00000000d5580000,0x00000000d5b00000)
  from space 512K, 75% used [0x00000000d5b80000,0x00000000d5be0000,0x00000000d5c00000)
  to   space 512K, 0% used [0x00000000d5c00000,0x00000000d5c00000,0x00000000d5c80000)
 ParOldGen       total 932864K, used 300989K [0x0000000080000000, 0x00000000b8f00000, 0x00000000d5580000)
  object space 932864K, 32% used [0x0000000080000000,0x00000000925ef7f0,0x00000000b8f00000)
 Metaspace       used 75432K, committed 77184K, reserved 1179648K
  class space    used 7538K, committed 8384K, reserved 1048576K
}
Event: 1054.851 GC heap before
{Heap before GC invocations=1344 (full 4):
 PSYoungGen      total 6144K, used 6016K [0x00000000d5580000, 0x00000000d5c80000, 0x0000000100000000)
  eden space 5632K, 100% used [0x00000000d5580000,0x00000000d5b00000,0x00000000d5b00000)
  from space 512K, 75% used [0x00000000d5b80000,0x00000000d5be0000,0x00000000d5c00000)
  to   space 512K, 0% used [0x00000000d5c00000,0x00000000d5c00000,0x00000000d5c80000)
 ParOldGen       total 932864K, used 300989K [0x0000000080000000, 0x00000000b8f00000, 0x00000000d5580000)
  object space 932864K, 32% used [0x0000000080000000,0x00000000925ef7f0,0x00000000b8f00000)
 Metaspace       used 75439K, committed 77184K, reserved 1179648K
  class space    used 7538K, committed 8384K, reserved 1048576K
}
Event: 1054.852 GC heap after
{Heap after GC invocations=1344 (full 4):
 PSYoungGen      total 6144K, used 192K [0x00000000d5580000, 0x00000000d5c80000, 0x0000000100000000)
  eden space 5632K, 0% used [0x00000000d5580000,0x00000000d5580000,0x00000000d5b00000)
  from space 512K, 37% used [0x00000000d5c00000,0x00000000d5c30000,0x00000000d5c80000)
  to   space 512K, 0% used [0x00000000d5b80000,0x00000000d5b80000,0x00000000d5c00000)
 ParOldGen       total 932864K, used 301238K [0x0000000080000000, 0x00000000b8f00000, 0x00000000d5580000)
  object space 932864K, 32% used [0x0000000080000000,0x000000009262d800,0x00000000b8f00000)
 Metaspace       used 75439K, committed 77184K, reserved 1179648K
  class space    used 7538K, committed 8384K, reserved 1048576K
}
Event: 1055.113 GC heap before
{Heap before GC invocations=1345 (full 4):
 PSYoungGen      total 6144K, used 5824K [0x00000000d5580000, 0x00000000d5c80000, 0x0000000100000000)
  eden space 5632K, 100% used [0x00000000d5580000,0x00000000d5b00000,0x00000000d5b00000)
  from space 512K, 37% used [0x00000000d5c00000,0x00000000d5c30000,0x00000000d5c80000)
  to   space 512K, 0% used [0x00000000d5b80000,0x00000000d5b80000,0x00000000d5c00000)
 ParOldGen       total 932864K, used 301238K [0x0000000080000000, 0x00000000b8f00000, 0x00000000d5580000)
  object space 932864K, 32% used [0x0000000080000000,0x000000009262d800,0x00000000b8f00000)
 Metaspace       used 76328K, committed 78080K, reserved 1179648K
  class space    used 7614K, committed 8384K, reserved 1048576K
}
Event: 1055.114 GC heap after
{Heap after GC invocations=1345 (full 4):
 PSYoungGen      total 6144K, used 401K [0x00000000d5580000, 0x00000000d5c80000, 0x0000000100000000)
  eden space 5632K, 0% used [0x00000000d5580000,0x00000000d5580000,0x00000000d5b00000)
  from space 512K, 78% used [0x00000000d5b80000,0x00000000d5be45d0,0x00000000d5c00000)
  to   space 512K, 0% used [0x00000000d5c00000,0x00000000d5c00000,0x00000000d5c80000)
 ParOldGen       total 932864K, used 301278K [0x0000000080000000, 0x00000000b8f00000, 0x00000000d5580000)
  object space 932864K, 32% used [0x0000000080000000,0x0000000092637800,0x00000000b8f00000)
 Metaspace       used 76328K, committed 78080K, reserved 1179648K
  class space    used 7614K, committed 8384K, reserved 1048576K
}
Event: 1055.188 GC heap before
{Heap before GC invocations=1346 (full 4):
 PSYoungGen      total 6144K, used 6026K [0x00000000d5580000, 0x00000000d5c80000, 0x0000000100000000)
  eden space 5632K, 99% used [0x00000000d5580000,0x00000000d5afe610,0x00000000d5b00000)
  from space 512K, 78% used [0x00000000d5b80000,0x00000000d5be45d0,0x00000000d5c00000)
  to   space 512K, 0% used [0x00000000d5c00000,0x00000000d5c00000,0x00000000d5c80000)
 ParOldGen       total 932864K, used 301278K [0x0000000080000000, 0x00000000b8f00000, 0x00000000d5580000)
  object space 932864K, 32% used [0x0000000080000000,0x0000000092637800,0x00000000b8f00000)
 Metaspace       used 76932K, committed 78720K, reserved 1179648K
  class space    used 7702K, committed 8512K, reserved 1048576K
}
Event: 1055.189 GC heap after
{Heap after GC invocations=1346 (full 4):
 PSYoungGen      total 6144K, used 256K [0x00000000d5580000, 0x00000000d5c80000, 0x0000000100000000)
  eden space 5632K, 0% used [0x00000000d5580000,0x00000000d5580000,0x00000000d5b00000)
  from space 512K, 50% used [0x00000000d5c00000,0x00000000d5c40000,0x00000000d5c80000)
  to   space 512K, 0% used [0x00000000d5b80000,0x00000000d5b80000,0x00000000d5c00000)
 ParOldGen       total 932864K, used 301559K [0x0000000080000000, 0x00000000b8f00000, 0x00000000d5580000)
  object space 932864K, 32% used [0x0000000080000000,0x000000009267ddd0,0x00000000b8f00000)
 Metaspace       used 76932K, committed 78720K, reserved 1179648K
  class space    used 7702K, committed 8512K, reserved 1048576K
}
Event: 1055.262 GC heap before
{Heap before GC invocations=1347 (full 4):
 PSYoungGen      total 6144K, used 5888K [0x00000000d5580000, 0x00000000d5c80000, 0x0000000100000000)
  eden space 5632K, 100% used [0x00000000d5580000,0x00000000d5b00000,0x00000000d5b00000)
  from space 512K, 50% used [0x00000000d5c00000,0x00000000d5c40000,0x00000000d5c80000)
  to   space 512K, 0% used [0x00000000d5b80000,0x00000000d5b80000,0x00000000d5c00000)
 ParOldGen       total 932864K, used 301559K [0x0000000080000000, 0x00000000b8f00000, 0x00000000d5580000)
  object space 932864K, 32% used [0x0000000080000000,0x000000009267ddd0,0x00000000b8f00000)
 Metaspace       used 77489K, committed 79232K, reserved 1179648K
  class space    used 7805K, committed 8576K, reserved 1048576K
}
Event: 1055.263 GC heap after
{Heap after GC invocations=1347 (full 4):
 PSYoungGen      total 6144K, used 272K [0x00000000d5580000, 0x00000000d5c80000, 0x0000000100000000)
  eden space 5632K, 0% used [0x00000000d5580000,0x00000000d5580000,0x00000000d5b00000)
  from space 512K, 53% used [0x00000000d5b80000,0x00000000d5bc4010,0x00000000d5c00000)
  to   space 512K, 0% used [0x00000000d5c00000,0x00000000d5c00000,0x00000000d5c80000)
 ParOldGen       total 932864K, used 301639K [0x0000000080000000, 0x00000000b8f00000, 0x00000000d5580000)
  object space 932864K, 32% used [0x0000000080000000,0x0000000092691dd0,0x00000000b8f00000)
 Metaspace       used 77489K, committed 79232K, reserved 1179648K
  class space    used 7805K, committed 8576K, reserved 1048576K
}
Event: 1055.327 GC heap before
{Heap before GC invocations=1348 (full 4):
 PSYoungGen      total 6144K, used 5904K [0x00000000d5580000, 0x00000000d5c80000, 0x0000000100000000)
  eden space 5632K, 100% used [0x00000000d5580000,0x00000000d5b00000,0x00000000d5b00000)
  from space 512K, 53% used [0x00000000d5b80000,0x00000000d5bc4010,0x00000000d5c00000)
  to   space 512K, 0% used [0x00000000d5c00000,0x00000000d5c00000,0x00000000d5c80000)
 ParOldGen       total 932864K, used 301639K [0x0000000080000000, 0x00000000b8f00000, 0x00000000d5580000)
  object space 932864K, 32% used [0x0000000080000000,0x0000000092691dd0,0x00000000b8f00000)
 Metaspace       used 78111K, committed 79872K, reserved 1179648K
  class space    used 7907K, committed 8704K, reserved 1048576K
}
Event: 1055.328 GC heap after
{Heap after GC invocations=1348 (full 4):
 PSYoungGen      total 6144K, used 256K [0x00000000d5580000, 0x00000000d5c80000, 0x0000000100000000)
  eden space 5632K, 0% used [0x00000000d5580000,0x00000000d5580000,0x00000000d5b00000)
  from space 512K, 50% used [0x00000000d5c00000,0x00000000d5c40000,0x00000000d5c80000)
  to   space 512K, 0% used [0x00000000d5b80000,0x00000000d5b80000,0x00000000d5c00000)
 ParOldGen       total 932864K, used 301767K [0x0000000080000000, 0x00000000b8f00000, 0x00000000d5580000)
  object space 932864K, 32% used [0x0000000080000000,0x00000000926b1e00,0x00000000b8f00000)
 Metaspace       used 78111K, committed 79872K, reserved 1179648K
  class space    used 7907K, committed 8704K, reserved 1048576K
}
Event: 1064.082 GC heap before
{Heap before GC invocations=1349 (full 4):
 PSYoungGen      total 6144K, used 5887K [0x00000000d5580000, 0x00000000d5c80000, 0x0000000100000000)
  eden space 5632K, 99% used [0x00000000d5580000,0x00000000d5affc50,0x00000000d5b00000)
  from space 512K, 50% used [0x00000000d5c00000,0x00000000d5c40000,0x00000000d5c80000)
  to   space 512K, 0% used [0x00000000d5b80000,0x00000000d5b80000,0x00000000d5c00000)
 ParOldGen       total 932864K, used 301767K [0x0000000080000000, 0x00000000b8f00000, 0x00000000d5580000)
  object space 932864K, 32% used [0x0000000080000000,0x00000000926b1e00,0x00000000b8f00000)
 Metaspace       used 78644K, committed 80448K, reserved 1179648K
  class space    used 7973K, committed 8768K, reserved 1048576K
}
Event: 1064.085 GC heap after
{Heap after GC invocations=1349 (full 4):
 PSYoungGen      total 6144K, used 320K [0x00000000d5580000, 0x00000000d5c80000, 0x0000000100000000)
  eden space 5632K, 0% used [0x00000000d5580000,0x00000000d5580000,0x00000000d5b00000)
  from space 512K, 62% used [0x00000000d5b80000,0x00000000d5bd0000,0x00000000d5c00000)
  to   space 512K, 0% used [0x00000000d5c00000,0x00000000d5c00000,0x00000000d5c80000)
 ParOldGen       total 932864K, used 301863K [0x0000000080000000, 0x00000000b8f00000, 0x00000000d5580000)
  object space 932864K, 32% used [0x0000000080000000,0x00000000926c9e00,0x00000000b8f00000)
 Metaspace       used 78644K, committed 80448K, reserved 1179648K
  class space    used 7973K, committed 8768K, reserved 1048576K
}

