# JRE version: OpenJDK Runtime Environment Temurin-21.0.8+9 (21.0.8+9) (build 21.0.8+9-LTS)
# Java VM: OpenJDK 64-Bit Server VM Temurin-21.0.8+9 (21.0.8+9-LTS, mixed mode, sharing, tiered, compressed oops, compressed class ptrs, parallel gc, windows-amd64)
GC Precious Log:
 CardTable entry size: 512
 CPUs: 8 total, 8 available
 Memory: 8067M
 Large Page Support: Disabled
 NUMA Support: Disabled
 Compressed Oops: Enabled (32-bit)
 Alignments: Space 512K, Generation 512K, Heap 2M
 Heap Min Capacity: 100M
 Heap Initial Capacity: 100M
 Heap Max Capacity: 2G
 Pre-touch: Disabled
 Parallel Workers: 8
Heap:
 PSYoungGen      total 3584K, used 741K [0x00000000d5580000, 0x00000000d5a00000, 0x0000000100000000)
  eden space 2560K, 0% used [0x00000000d5580000,0x00000000d5580000,0x00000000d5800000)
  from space 1024K, 72% used [0x00000000d5800000,0x00000000d58b9758,0x00000000d5900000)
  to   space 1024K, 0% used [0x00000000d5900000,0x00000000d5900000,0x00000000d5a00000)
 ParOldGen       total 290816K, used 290425K [0x0000000080000000, 0x0000000091c00000, 0x00000000d5580000)
  object space 290816K, 99% used [0x0000000080000000,0x0000000091b9e420,0x0000000091c00000)
 Metaspace       used 62123K, committed 63552K, reserved 1114112K
  class space    used 6442K, committed 7104K, reserved 1048576K
GC Heap History (20 events):
Event: 43.697 GC heap before
{Heap before GC invocations=356 (full 3):
 PSYoungGen      total 3072K, used 2620K [0x00000000d5580000, 0x00000000d5980000, 0x0000000100000000)
  eden space 2048K, 100% used [0x00000000d5580000,0x00000000d5780000,0x00000000d5780000)
  from space 1024K, 55% used [0x00000000d5880000,0x00000000d590f070,0x00000000d5980000)
  to   space 1024K, 0% used [0x00000000d5780000,0x00000000d5780000,0x00000000d5880000)
 ParOldGen       total 285696K, used 285231K [0x0000000080000000, 0x0000000091700000, 0x00000000d5580000)
  object space 285696K, 99% used [0x0000000080000000,0x000000009168be60,0x0000000091700000)
 Metaspace       used 62001K, committed 63424K, reserved 1114112K
  class space    used 6418K, committed 7104K, reserved 1048576K
}
Event: 43.700 GC heap after
{Heap after GC invocations=356 (full 3):
 PSYoungGen      total 3072K, used 660K [0x00000000d5580000, 0x00000000d5980000, 0x0000000100000000)
  eden space 2048K, 0% used [0x00000000d5580000,0x00000000d5580000,0x00000000d5780000)
  from space 1024K, 64% used [0x00000000d5780000,0x00000000d58252b8,0x00000000d5880000)
  to   space 1024K, 0% used [0x00000000d5880000,0x00000000d5880000,0x00000000d5980000)
 ParOldGen       total 285696K, used 285617K [0x0000000080000000, 0x0000000091700000, 0x00000000d5580000)
  object space 285696K, 99% used [0x0000000080000000,0x00000000916ec590,0x0000000091700000)
 Metaspace       used 62001K, committed 63424K, reserved 1114112K
  class space    used 6418K, committed 7104K, reserved 1048576K
}
Event: 43.724 GC heap before
{Heap before GC invocations=357 (full 3):
 PSYoungGen      total 3072K, used 2708K [0x00000000d5580000, 0x00000000d5980000, 0x0000000100000000)
  eden space 2048K, 100% used [0x00000000d5580000,0x00000000d5780000,0x00000000d5780000)
  from space 1024K, 64% used [0x00000000d5780000,0x00000000d58252b8,0x00000000d5880000)
  to   space 1024K, 0% used [0x00000000d5880000,0x00000000d5880000,0x00000000d5980000)
 ParOldGen       total 285696K, used 285617K [0x0000000080000000, 0x0000000091700000, 0x00000000d5580000)
  object space 285696K, 99% used [0x0000000080000000,0x00000000916ec590,0x0000000091700000)
 Metaspace       used 62027K, committed 63488K, reserved 1114112K
  class space    used 6424K, committed 7104K, reserved 1048576K
}
Event: 43.727 GC heap after
{Heap after GC invocations=357 (full 3):
 PSYoungGen      total 3072K, used 593K [0x00000000d5580000, 0x00000000d5980000, 0x0000000100000000)
  eden space 2048K, 0% used [0x00000000d5580000,0x00000000d5580000,0x00000000d5780000)
  from space 1024K, 57% used [0x00000000d5880000,0x00000000d5914488,0x00000000d5980000)
  to   space 1024K, 0% used [0x00000000d5780000,0x00000000d5780000,0x00000000d5880000)
 ParOldGen       total 286208K, used 286178K [0x0000000080000000, 0x0000000091780000, 0x00000000d5580000)
  object space 286208K, 99% used [0x0000000080000000,0x0000000091778828,0x0000000091780000)
 Metaspace       used 62027K, committed 63488K, reserved 1114112K
  class space    used 6424K, committed 7104K, reserved 1048576K
}
Event: 43.742 GC heap before
{Heap before GC invocations=358 (full 3):
 PSYoungGen      total 3072K, used 2641K [0x00000000d5580000, 0x00000000d5980000, 0x0000000100000000)
  eden space 2048K, 100% used [0x00000000d5580000,0x00000000d5780000,0x00000000d5780000)
  from space 1024K, 57% used [0x00000000d5880000,0x00000000d5914488,0x00000000d5980000)
  to   space 1024K, 0% used [0x00000000d5780000,0x00000000d5780000,0x00000000d5880000)
 ParOldGen       total 286208K, used 286178K [0x0000000080000000, 0x0000000091780000, 0x00000000d5580000)
  object space 286208K, 99% used [0x0000000080000000,0x0000000091778828,0x0000000091780000)
 Metaspace       used 62045K, committed 63488K, reserved 1114112K
  class space    used 6429K, committed 7104K, reserved 1048576K
}
Event: 43.747 GC heap after
{Heap after GC invocations=358 (full 3):
 PSYoungGen      total 3072K, used 562K [0x00000000d5580000, 0x00000000d5980000, 0x0000000100000000)
  eden space 2048K, 0% used [0x00000000d5580000,0x00000000d5580000,0x00000000d5780000)
  from space 1024K, 54% used [0x00000000d5780000,0x00000000d580ca88,0x00000000d5880000)
  to   space 1024K, 0% used [0x00000000d5880000,0x00000000d5880000,0x00000000d5980000)
 ParOldGen       total 286720K, used 286671K [0x0000000080000000, 0x0000000091800000, 0x00000000d5580000)
  object space 286720K, 99% used [0x0000000080000000,0x00000000917f3c98,0x0000000091800000)
 Metaspace       used 62045K, committed 63488K, reserved 1114112K
  class space    used 6429K, committed 7104K, reserved 1048576K
}
Event: 43.799 GC heap before
{Heap before GC invocations=359 (full 3):
 PSYoungGen      total 3072K, used 2610K [0x00000000d5580000, 0x00000000d5980000, 0x0000000100000000)
  eden space 2048K, 100% used [0x00000000d5580000,0x00000000d5780000,0x00000000d5780000)
  from space 1024K, 54% used [0x00000000d5780000,0x00000000d580ca88,0x00000000d5880000)
  to   space 1024K, 0% used [0x00000000d5880000,0x00000000d5880000,0x00000000d5980000)
 ParOldGen       total 286720K, used 286671K [0x0000000080000000, 0x0000000091800000, 0x00000000d5580000)
  object space 286720K, 99% used [0x0000000080000000,0x00000000917f3c98,0x0000000091800000)
 Metaspace       used 62071K, committed 63488K, reserved 1114112K
  class space    used 6435K, committed 7104K, reserved 1048576K
}
Event: 43.803 GC heap after
{Heap after GC invocations=359 (full 3):
 PSYoungGen      total 3072K, used 756K [0x00000000d5580000, 0x00000000d5980000, 0x0000000100000000)
  eden space 2048K, 0% used [0x00000000d5580000,0x00000000d5580000,0x00000000d5780000)
  from space 1024K, 73% used [0x00000000d5880000,0x00000000d593d078,0x00000000d5980000)
  to   space 1024K, 0% used [0x00000000d5780000,0x00000000d5780000,0x00000000d5880000)
 ParOldGen       total 287232K, used 287106K [0x0000000080000000, 0x0000000091880000, 0x00000000d5580000)
  object space 287232K, 99% used [0x0000000080000000,0x0000000091860b98,0x0000000091880000)
 Metaspace       used 62071K, committed 63488K, reserved 1114112K
  class space    used 6435K, committed 7104K, reserved 1048576K
}
Event: 43.925 GC heap before
{Heap before GC invocations=360 (full 3):
 PSYoungGen      total 3072K, used 2804K [0x00000000d5580000, 0x00000000d5980000, 0x0000000100000000)
  eden space 2048K, 100% used [0x00000000d5580000,0x00000000d5780000,0x00000000d5780000)
  from space 1024K, 73% used [0x00000000d5880000,0x00000000d593d078,0x00000000d5980000)
  to   space 1024K, 0% used [0x00000000d5780000,0x00000000d5780000,0x00000000d5880000)
 ParOldGen       total 287232K, used 287106K [0x0000000080000000, 0x0000000091880000, 0x00000000d5580000)
  object space 287232K, 99% used [0x0000000080000000,0x0000000091860b98,0x0000000091880000)
 Metaspace       used 62111K, committed 63552K, reserved 1114112K
  class space    used 6441K, committed 7104K, reserved 1048576K
}
Event: 43.930 GC heap after
{Heap after GC invocations=360 (full 3):
 PSYoungGen      total 3072K, used 448K [0x00000000d5580000, 0x00000000d5980000, 0x0000000100000000)
  eden space 2048K, 0% used [0x00000000d5580000,0x00000000d5580000,0x00000000d5780000)
  from space 1024K, 43% used [0x00000000d5780000,0x00000000d57f0000,0x00000000d5880000)
  to   space 1024K, 0% used [0x00000000d5880000,0x00000000d5880000,0x00000000d5980000)
 ParOldGen       total 287744K, used 287526K [0x0000000080000000, 0x0000000091900000, 0x00000000d5580000)
  object space 287744K, 99% used [0x0000000080000000,0x00000000918c99e8,0x0000000091900000)
 Metaspace       used 62111K, committed 63552K, reserved 1114112K
  class space    used 6441K, committed 7104K, reserved 1048576K
}
Event: 43.953 GC heap before
{Heap before GC invocations=361 (full 3):
 PSYoungGen      total 3072K, used 2496K [0x00000000d5580000, 0x00000000d5980000, 0x0000000100000000)
  eden space 2048K, 100% used [0x00000000d5580000,0x00000000d5780000,0x00000000d5780000)
  from space 1024K, 43% used [0x00000000d5780000,0x00000000d57f0000,0x00000000d5880000)
  to   space 1024K, 0% used [0x00000000d5880000,0x00000000d5880000,0x00000000d5980000)
 ParOldGen       total 287744K, used 287526K [0x0000000080000000, 0x0000000091900000, 0x00000000d5580000)
  object space 287744K, 99% used [0x0000000080000000,0x00000000918c99e8,0x0000000091900000)
 Metaspace       used 62112K, committed 63552K, reserved 1114112K
  class space    used 6441K, committed 7104K, reserved 1048576K
}
Event: 43.957 GC heap after
{Heap after GC invocations=361 (full 3):
 PSYoungGen      total 3072K, used 588K [0x00000000d5580000, 0x00000000d5980000, 0x0000000100000000)
  eden space 2048K, 0% used [0x00000000d5580000,0x00000000d5580000,0x00000000d5780000)
  from space 1024K, 57% used [0x00000000d5880000,0x00000000d5913388,0x00000000d5980000)
  to   space 1024K, 0% used [0x00000000d5780000,0x00000000d5780000,0x00000000d5880000)
 ParOldGen       total 288256K, used 287856K [0x0000000080000000, 0x0000000091980000, 0x00000000d5580000)
  object space 288256K, 99% used [0x0000000080000000,0x000000009191c300,0x0000000091980000)
 Metaspace       used 62112K, committed 63552K, reserved 1114112K
  class space    used 6441K, committed 7104K, reserved 1048576K
}
Event: 43.982 GC heap before
{Heap before GC invocations=362 (full 3):
 PSYoungGen      total 3072K, used 2636K [0x00000000d5580000, 0x00000000d5980000, 0x0000000100000000)
  eden space 2048K, 100% used [0x00000000d5580000,0x00000000d5780000,0x00000000d5780000)
  from space 1024K, 57% used [0x00000000d5880000,0x00000000d5913388,0x00000000d5980000)
  to   space 1024K, 0% used [0x00000000d5780000,0x00000000d5780000,0x00000000d5880000)
 ParOldGen       total 288256K, used 287856K [0x0000000080000000, 0x0000000091980000, 0x00000000d5580000)
  object space 288256K, 99% used [0x0000000080000000,0x000000009191c300,0x0000000091980000)
 Metaspace       used 62114K, committed 63552K, reserved 1114112K
  class space    used 6441K, committed 7104K, reserved 1048576K
}
Event: 43.985 GC heap after
{Heap after GC invocations=362 (full 3):
 PSYoungGen      total 3072K, used 591K [0x00000000d5580000, 0x00000000d5980000, 0x0000000100000000)
  eden space 2048K, 0% used [0x00000000d5580000,0x00000000d5580000,0x00000000d5780000)
  from space 1024K, 57% used [0x00000000d5780000,0x00000000d5813ea0,0x00000000d5880000)
  to   space 1024K, 0% used [0x00000000d5880000,0x00000000d5880000,0x00000000d5980000)
 ParOldGen       total 288768K, used 288348K [0x0000000080000000, 0x0000000091a00000, 0x00000000d5580000)
  object space 288768K, 99% used [0x0000000080000000,0x0000000091997390,0x0000000091a00000)
 Metaspace       used 62114K, committed 63552K, reserved 1114112K
  class space    used 6441K, committed 7104K, reserved 1048576K
}
Event: 44.003 GC heap before
{Heap before GC invocations=363 (full 3):
 PSYoungGen      total 3072K, used 2610K [0x00000000d5580000, 0x00000000d5980000, 0x0000000100000000)
  eden space 2048K, 98% used [0x00000000d5580000,0x00000000d5778b40,0x00000000d5780000)
  from space 1024K, 57% used [0x00000000d5780000,0x00000000d5813ea0,0x00000000d5880000)
  to   space 1024K, 0% used [0x00000000d5880000,0x00000000d5880000,0x00000000d5980000)
 ParOldGen       total 288768K, used 288348K [0x0000000080000000, 0x0000000091a00000, 0x00000000d5580000)
  object space 288768K, 99% used [0x0000000080000000,0x0000000091997390,0x0000000091a00000)
 Metaspace       used 62123K, committed 63552K, reserved 1114112K
  class space    used 6442K, committed 7104K, reserved 1048576K
}
Event: 45.040 GC heap after
{Heap after GC invocations=363 (full 3):
 PSYoungGen      total 3072K, used 598K [0x00000000d5580000, 0x00000000d5a00000, 0x0000000100000000)
  eden space 2048K, 0% used [0x00000000d5580000,0x00000000d5580000,0x00000000d5780000)
  from space 1024K, 58% used [0x00000000d5880000,0x00000000d5915938,0x00000000d5980000)
  to   space 1024K, 0% used [0x00000000d5780000,0x00000000d5780000,0x00000000d5880000)
 ParOldGen       total 289280K, used 288855K [0x0000000080000000, 0x0000000091a80000, 0x00000000d5580000)
  object space 289280K, 99% used [0x0000000080000000,0x0000000091a15ca8,0x0000000091a80000)
 Metaspace       used 62123K, committed 63552K, reserved 1114112K
  class space    used 6442K, committed 7104K, reserved 1048576K
}
Event: 45.053 GC heap before
{Heap before GC invocations=364 (full 3):
 PSYoungGen      total 3072K, used 2629K [0x00000000d5580000, 0x00000000d5a00000, 0x0000000100000000)
  eden space 2048K, 99% used [0x00000000d5580000,0x00000000d577bc70,0x00000000d5780000)
  from space 1024K, 58% used [0x00000000d5880000,0x00000000d5915938,0x00000000d5980000)
  to   space 1024K, 0% used [0x00000000d5780000,0x00000000d5780000,0x00000000d5880000)
 ParOldGen       total 289280K, used 288855K [0x0000000080000000, 0x0000000091a80000, 0x00000000d5580000)
  object space 289280K, 99% used [0x0000000080000000,0x0000000091a15ca8,0x0000000091a80000)
 Metaspace       used 62123K, committed 63552K, reserved 1114112K
  class space    used 6442K, committed 7104K, reserved 1048576K
}
Event: 45.056 GC heap after
{Heap after GC invocations=364 (full 3):
 PSYoungGen      total 3072K, used 600K [0x00000000d5580000, 0x00000000d5a00000, 0x0000000100000000)
  eden space 2048K, 0% used [0x00000000d5580000,0x00000000d5580000,0x00000000d5780000)
  from space 1024K, 58% used [0x00000000d5780000,0x00000000d5816008,0x00000000d5880000)
  to   space 1024K, 0% used [0x00000000d5900000,0x00000000d5900000,0x00000000d5a00000)
 ParOldGen       total 289792K, used 289387K [0x0000000080000000, 0x0000000091b00000, 0x00000000d5580000)
  object space 289792K, 99% used [0x0000000080000000,0x0000000091a9acc8,0x0000000091b00000)
 Metaspace       used 62123K, committed 63552K, reserved 1114112K
  class space    used 6442K, committed 7104K, reserved 1048576K
}
Event: 45.073 GC heap before
{Heap before GC invocations=365 (full 3):
 PSYoungGen      total 3072K, used 2647K [0x00000000d5580000, 0x00000000d5a00000, 0x0000000100000000)
  eden space 2048K, 99% used [0x00000000d5580000,0x00000000d577ffc0,0x00000000d5780000)
  from space 1024K, 58% used [0x00000000d5780000,0x00000000d5816008,0x00000000d5880000)
  to   space 1024K, 0% used [0x00000000d5900000,0x00000000d5900000,0x00000000d5a00000)
 ParOldGen       total 289792K, used 289387K [0x0000000080000000, 0x0000000091b00000, 0x00000000d5580000)
  object space 289792K, 99% used [0x0000000080000000,0x0000000091a9acc8,0x0000000091b00000)
 Metaspace       used 62123K, committed 63552K, reserved 1114112K
  class space    used 6442K, committed 7104K, reserved 1048576K
}
Event: 45.076 GC heap after
{Heap after GC invocations=365 (full 3):
 PSYoungGen      total 3584K, used 602K [0x00000000d5580000, 0x00000000d5a00000, 0x0000000100000000)
  eden space 2560K, 0% used [0x00000000d5580000,0x00000000d5580000,0x00000000d5800000)
  from space 1024K, 58% used [0x00000000d5900000,0x00000000d5996938,0x00000000d5a00000)
  to   space 1024K, 0% used [0x00000000d5800000,0x00000000d5800000,0x00000000d5900000)
 ParOldGen       total 290304K, used 289898K [0x0000000080000000, 0x0000000091b80000, 0x00000000d5580000)
  object space 290304K, 99% used [0x0000000080000000,0x0000000091b1aa18,0x0000000091b80000)
 Metaspace       used 62123K, committed 63552K, reserved 1114112K
  class space    used 6442K, committed 7104K, reserved 1048576K
}

