# JRE version: OpenJDK Runtime Environment Temurin-21.0.4+7 (21.0.4+7) (build 21.0.4+7-LTS)
# Java VM: OpenJDK 64-Bit Server VM Temurin-21.0.4+7 (21.0.4+7-LTS, mixed mode, emulated-client, sharing, tiered, compressed oops, compressed class ptrs, g1 gc, windows-amd64)
GC Precious Log:
 CardTable entry size: 512
 Card Set container configuration: InlinePtr #cards 5 size 8 Array Of Cards #cards 12 size 40 Howl #buckets 4 coarsen threshold 1843 Howl Bitmap #cards 512 size 80 coarsen threshold 460 Card regions per heap region 1 cards per card region 2048
 CPUs: 8 total, 8 available
 Memory: 8067M
 Large Page Support: Disabled
 NUMA Support: Disabled
 Compressed Oops: Enabled (32-bit)
 Heap Region Size: 1M
 Heap Min Capacity: 8M
 Heap Initial Capacity: 128M
 Heap Max Capacity: 2018M
 Pre-touch: Disabled
 Parallel Workers: 8
 Concurrent Workers: 2
 Concurrent Refinement Workers: 8
 Periodic GC: Disabled
Heap:
 garbage-first heap   total 58368K, used 39089K [0x0000000081e00000, 0x0000000100000000)
  region size 1024K, 2 young (2048K), 1 survivors (1024K)
 Metaspace       used 72639K, committed 73856K, reserved 1114112K
  class space    used 10422K, committed 10880K, reserved 1048576K
GC Heap History (20 events):
Event: 9.882 GC heap before
{Heap before GC invocations=10 (full 0):
 garbage-first heap   total 58368K, used 48613K [0x0000000081e00000, 0x0000000100000000)
  region size 1024K, 26 young (26624K), 4 survivors (4096K)
 Metaspace       used 49647K, committed 50176K, reserved 1114112K
  class space    used 6997K, committed 7232K, reserved 1048576K
}
Event: 9.887 GC heap after
{Heap after GC invocations=11 (full 0):
 garbage-first heap   total 58368K, used 27455K [0x0000000081e00000, 0x0000000100000000)
  region size 1024K, 4 young (4096K), 4 survivors (4096K)
 Metaspace       used 49647K, committed 50176K, reserved 1114112K
  class space    used 6997K, committed 7232K, reserved 1048576K
}
Event: 10.351 GC heap before
{Heap before GC invocations=11 (full 0):
 garbage-first heap   total 58368K, used 48959K [0x0000000081e00000, 0x0000000100000000)
  region size 1024K, 26 young (26624K), 4 survivors (4096K)
 Metaspace       used 53198K, committed 53824K, reserved 1114112K
  class space    used 7479K, committed 7744K, reserved 1048576K
}
Event: 10.356 GC heap after
{Heap after GC invocations=12 (full 0):
 garbage-first heap   total 58368K, used 29120K [0x0000000081e00000, 0x0000000100000000)
  region size 1024K, 4 young (4096K), 4 survivors (4096K)
 Metaspace       used 53198K, committed 53824K, reserved 1114112K
  class space    used 7479K, committed 7744K, reserved 1048576K
}
Event: 10.858 GC heap before
{Heap before GC invocations=12 (full 0):
 garbage-first heap   total 58368K, used 49600K [0x0000000081e00000, 0x0000000100000000)
  region size 1024K, 24 young (24576K), 4 survivors (4096K)
 Metaspace       used 58613K, committed 59200K, reserved 1114112K
  class space    used 8376K, committed 8640K, reserved 1048576K
}
Event: 10.862 GC heap after
{Heap after GC invocations=13 (full 0):
 garbage-first heap   total 58368K, used 29709K [0x0000000081e00000, 0x0000000100000000)
  region size 1024K, 1 young (1024K), 1 survivors (1024K)
 Metaspace       used 58613K, committed 59200K, reserved 1114112K
  class space    used 8376K, committed 8640K, reserved 1048576K
}
Event: 11.111 GC heap before
{Heap before GC invocations=13 (full 0):
 garbage-first heap   total 58368K, used 45069K [0x0000000081e00000, 0x0000000100000000)
  region size 1024K, 17 young (17408K), 1 survivors (1024K)
 Metaspace       used 59306K, committed 59968K, reserved 1114112K
  class space    used 8479K, committed 8768K, reserved 1048576K
}
Event: 11.113 GC heap after
{Heap after GC invocations=14 (full 0):
 garbage-first heap   total 58368K, used 29665K [0x0000000081e00000, 0x0000000100000000)
  region size 1024K, 1 young (1024K), 1 survivors (1024K)
 Metaspace       used 59306K, committed 59968K, reserved 1114112K
  class space    used 8479K, committed 8768K, reserved 1048576K
}
Event: 11.719 GC heap before
{Heap before GC invocations=15 (full 0):
 garbage-first heap   total 58368K, used 51169K [0x0000000081e00000, 0x0000000100000000)
  region size 1024K, 23 young (23552K), 1 survivors (1024K)
 Metaspace       used 63447K, committed 64128K, reserved 1114112K
  class space    used 9125K, committed 9408K, reserved 1048576K
}
Event: 11.722 GC heap after
{Heap after GC invocations=16 (full 0):
 garbage-first heap   total 58368K, used 31511K [0x0000000081e00000, 0x0000000100000000)
  region size 1024K, 3 young (3072K), 3 survivors (3072K)
 Metaspace       used 63447K, committed 64128K, reserved 1114112K
  class space    used 9125K, committed 9408K, reserved 1048576K
}
Event: 12.144 GC heap before
{Heap before GC invocations=16 (full 0):
 garbage-first heap   total 58368K, used 49943K [0x0000000081e00000, 0x0000000100000000)
  region size 1024K, 21 young (21504K), 3 survivors (3072K)
 Metaspace       used 66784K, committed 67584K, reserved 1114112K
  class space    used 9600K, committed 9984K, reserved 1048576K
}
Event: 12.148 GC heap after
{Heap after GC invocations=17 (full 0):
 garbage-first heap   total 58368K, used 32848K [0x0000000081e00000, 0x0000000100000000)
  region size 1024K, 2 young (2048K), 2 survivors (2048K)
 Metaspace       used 66784K, committed 67584K, reserved 1114112K
  class space    used 9600K, committed 9984K, reserved 1048576K
}
Event: 12.537 GC heap before
{Heap before GC invocations=17 (full 0):
 garbage-first heap   total 58368K, used 51280K [0x0000000081e00000, 0x0000000100000000)
  region size 1024K, 20 young (20480K), 2 survivors (2048K)
 Metaspace       used 68221K, committed 68992K, reserved 1114112K
  class space    used 9801K, committed 10176K, reserved 1048576K
}
Event: 12.541 GC heap after
{Heap after GC invocations=18 (full 0):
 garbage-first heap   total 58368K, used 34684K [0x0000000081e00000, 0x0000000100000000)
  region size 1024K, 3 young (3072K), 3 survivors (3072K)
 Metaspace       used 68221K, committed 68992K, reserved 1114112K
  class space    used 9801K, committed 10176K, reserved 1048576K
}
Event: 12.940 GC heap before
{Heap before GC invocations=19 (full 0):
 garbage-first heap   total 58368K, used 51068K [0x0000000081e00000, 0x0000000100000000)
  region size 1024K, 19 young (19456K), 3 survivors (3072K)
 Metaspace       used 70105K, committed 70976K, reserved 1114112K
  class space    used 10132K, committed 10496K, reserved 1048576K
}
Event: 12.944 GC heap after
{Heap after GC invocations=20 (full 0):
 garbage-first heap   total 58368K, used 36670K [0x0000000081e00000, 0x0000000100000000)
  region size 1024K, 2 young (2048K), 2 survivors (2048K)
 Metaspace       used 70105K, committed 70976K, reserved 1114112K
  class space    used 10132K, committed 10496K, reserved 1048576K
}
Event: 14.205 GC heap before
{Heap before GC invocations=20 (full 0):
 garbage-first heap   total 58368K, used 52030K [0x0000000081e00000, 0x0000000100000000)
  region size 1024K, 17 young (17408K), 2 survivors (2048K)
 Metaspace       used 70936K, committed 71808K, reserved 1114112K
  class space    used 10229K, committed 10624K, reserved 1048576K
}
Event: 14.208 GC heap after
{Heap after GC invocations=21 (full 0):
 garbage-first heap   total 58368K, used 38032K [0x0000000081e00000, 0x0000000100000000)
  region size 1024K, 2 young (2048K), 2 survivors (2048K)
 Metaspace       used 70936K, committed 71808K, reserved 1114112K
  class space    used 10229K, committed 10624K, reserved 1048576K
}
Event: 39.582 GC heap before
{Heap before GC invocations=21 (full 0):
 garbage-first heap   total 58368K, used 50320K [0x0000000081e00000, 0x0000000100000000)
  region size 1024K, 15 young (15360K), 2 survivors (2048K)
 Metaspace       used 73020K, committed 73856K, reserved 1114112K
  class space    used 10527K, committed 10880K, reserved 1048576K
}
Event: 39.586 GC heap after
{Heap after GC invocations=22 (full 0):
 garbage-first heap   total 58368K, used 39089K [0x0000000081e00000, 0x0000000100000000)
  region size 1024K, 1 young (1024K), 1 survivors (1024K)
 Metaspace       used 73020K, committed 73856K, reserved 1114112K
  class space    used 10527K, committed 10880K, reserved 1048576K
}

